android/app/build/intermediates/manifest_merge_blame_file/release/manifest-merger-blame-release-report.txt
1<?xml version="1.0" encoding="utf-8"?>
2<manifest xmlns:android="http://schemas.android.com/apk/res/android"
3    package="com.cleanjeff"
4    android:versionCode="4"
5    android:versionName="1.0" >
6
7    <uses-sdk
8        android:minSdkVersion="21"
8-->src\main\AndroidManifest.xml
9        android:targetSdkVersion="29" />
9-->src\main\AndroidManifest.xml
10
11    <uses-permission android:name="android.permission.INTERNET" />
11-->src\main\AndroidManifest.xml:4:5-67
11-->src\main\AndroidManifest.xml:4:22-64
12    <uses-permission android:name="android.permission.ACCESS_FINE_LOCATION" />
12-->src\main\AndroidManifest.xml:5:5-79
12-->src\main\AndroidManifest.xml:5:22-76
13    <uses-permission android:name="android.permission.READ_EXTERNAL_STORAGE" />
13-->src\main\AndroidManifest.xml:6:5-79
13-->src\main\AndroidManifest.xml:6:22-77
14    <uses-permission android:name="android.permission.WRITE_EXTERNAL_STORAGE" />
14-->src\main\AndroidManifest.xml:7:5-80
14-->src\main\AndroidManifest.xml:7:22-78
15    <uses-permission android:name="android.permission.CAMERA" />
15-->src\main\AndroidManifest.xml:8:5-64
15-->src\main\AndroidManifest.xml:8:22-62
16    <uses-permission android:name="android.permission.ACCESS_COARSE_LOCATION" /> <!-- Create a unique permission for your app and use it so only your app can receive your OneSignal messages. -->
16-->[:react-native-maps] AndroidManifest.xml:10:5-81
16-->[:react-native-maps] AndroidManifest.xml:10:22-78
17    <permission
17-->[com.onesignal:OneSignal:3.15.3] AndroidManifest.xml:7:5-9:47
18        android:name="com.cleanjeff.permission.C2D_MESSAGE"
18-->[com.onesignal:OneSignal:3.15.3] AndroidManifest.xml:8:9-63
19        android:protectionLevel="signature" />
19-->[com.onesignal:OneSignal:3.15.3] AndroidManifest.xml:9:9-44
20
21    <uses-permission android:name="com.cleanjeff.permission.C2D_MESSAGE" />
21-->[com.onesignal:OneSignal:3.15.3] AndroidManifest.xml:11:5-79
21-->[com.onesignal:OneSignal:3.15.3] AndroidManifest.xml:11:22-76
22    <uses-permission android:name="com.google.android.c2dm.permission.RECEIVE" /> <!-- Required, makes sure notifications are delivered on time. -->
22-->[com.onesignal:OneSignal:3.15.3] AndroidManifest.xml:17:5-82
22-->[com.onesignal:OneSignal:3.15.3] AndroidManifest.xml:17:22-79
23    <uses-permission android:name="android.permission.WAKE_LOCK" />
23-->[com.onesignal:OneSignal:3.15.3] AndroidManifest.xml:18:5-68
23-->[com.onesignal:OneSignal:3.15.3] AndroidManifest.xml:18:22-65
24    <!--
25 Required so the device vibrates on receiving a push notification.
26         Vibration settings of the device still apply.
27    -->
28    <uses-permission android:name="android.permission.VIBRATE" />
28-->[com.onesignal:OneSignal:3.15.3] AndroidManifest.xml:23:5-66
28-->[com.onesignal:OneSignal:3.15.3] AndroidManifest.xml:23:22-63
29    <uses-permission android:name="android.permission.ACCESS_NETWORK_STATE" />
29-->[com.onesignal:OneSignal:3.15.3] AndroidManifest.xml:24:5-79
29-->[com.onesignal:OneSignal:3.15.3] AndroidManifest.xml:24:22-76
30    <!--
31 Use to restore notifications the user hasn't interacted with.
32         They could be missed notifications if the user reboots their device if this isn't in place.
33    -->
34    <uses-permission android:name="android.permission.RECEIVE_BOOT_COMPLETED" /> <!-- START: ShortcutBadger -->
34-->[com.onesignal:OneSignal:3.15.3] AndroidManifest.xml:29:5-81
34-->[com.onesignal:OneSignal:3.15.3] AndroidManifest.xml:29:22-78
35    <!-- Samsung -->
36    <uses-permission android:name="com.sec.android.provider.badge.permission.READ" />
36-->[com.onesignal:OneSignal:3.15.3] AndroidManifest.xml:31:5-86
36-->[com.onesignal:OneSignal:3.15.3] AndroidManifest.xml:31:22-83
37    <uses-permission android:name="com.sec.android.provider.badge.permission.WRITE" /> <!-- HTC -->
37-->[com.onesignal:OneSignal:3.15.3] AndroidManifest.xml:32:5-87
37-->[com.onesignal:OneSignal:3.15.3] AndroidManifest.xml:32:22-84
38    <uses-permission android:name="com.htc.launcher.permission.READ_SETTINGS" />
38-->[com.onesignal:OneSignal:3.15.3] AndroidManifest.xml:33:5-81
38-->[com.onesignal:OneSignal:3.15.3] AndroidManifest.xml:33:22-78
39    <uses-permission android:name="com.htc.launcher.permission.UPDATE_SHORTCUT" /> <!-- Sony -->
39-->[com.onesignal:OneSignal:3.15.3] AndroidManifest.xml:34:5-83
39-->[com.onesignal:OneSignal:3.15.3] AndroidManifest.xml:34:22-80
40    <uses-permission android:name="com.sonyericsson.home.permission.BROADCAST_BADGE" />
40-->[com.onesignal:OneSignal:3.15.3] AndroidManifest.xml:35:5-88
40-->[com.onesignal:OneSignal:3.15.3] AndroidManifest.xml:35:22-85
41    <uses-permission android:name="com.sonymobile.home.permission.PROVIDER_INSERT_BADGE" /> <!-- Apex -->
41-->[com.onesignal:OneSignal:3.15.3] AndroidManifest.xml:36:5-92
41-->[com.onesignal:OneSignal:3.15.3] AndroidManifest.xml:36:22-89
42    <uses-permission android:name="com.anddoes.launcher.permission.UPDATE_COUNT" /> <!-- Solid -->
42-->[com.onesignal:OneSignal:3.15.3] AndroidManifest.xml:37:5-84
42-->[com.onesignal:OneSignal:3.15.3] AndroidManifest.xml:37:22-81
43    <uses-permission android:name="com.majeur.launcher.permission.UPDATE_BADGE" /> <!-- Huawei -->
43-->[com.onesignal:OneSignal:3.15.3] AndroidManifest.xml:38:5-83
43-->[com.onesignal:OneSignal:3.15.3] AndroidManifest.xml:38:22-80
44    <uses-permission android:name="com.huawei.android.launcher.permission.CHANGE_BADGE" />
44-->[com.onesignal:OneSignal:3.15.3] AndroidManifest.xml:39:5-91
44-->[com.onesignal:OneSignal:3.15.3] AndroidManifest.xml:39:22-88
45    <uses-permission android:name="com.huawei.android.launcher.permission.READ_SETTINGS" />
45-->[com.onesignal:OneSignal:3.15.3] AndroidManifest.xml:40:5-92
45-->[com.onesignal:OneSignal:3.15.3] AndroidManifest.xml:40:22-89
46    <uses-permission android:name="com.huawei.android.launcher.permission.WRITE_SETTINGS" /> <!-- ZUK -->
46-->[com.onesignal:OneSignal:3.15.3] AndroidManifest.xml:41:5-93
46-->[com.onesignal:OneSignal:3.15.3] AndroidManifest.xml:41:22-90
47    <uses-permission android:name="android.permission.READ_APP_BADGE" /> <!-- OPPO -->
47-->[com.onesignal:OneSignal:3.15.3] AndroidManifest.xml:42:5-73
47-->[com.onesignal:OneSignal:3.15.3] AndroidManifest.xml:42:22-70
48    <uses-permission android:name="com.oppo.launcher.permission.READ_SETTINGS" />
48-->[com.onesignal:OneSignal:3.15.3] AndroidManifest.xml:43:5-82
48-->[com.onesignal:OneSignal:3.15.3] AndroidManifest.xml:43:22-79
49    <uses-permission android:name="com.oppo.launcher.permission.WRITE_SETTINGS" /> <!-- EvMe -->
49-->[com.onesignal:OneSignal:3.15.3] AndroidManifest.xml:44:5-83
49-->[com.onesignal:OneSignal:3.15.3] AndroidManifest.xml:44:22-80
50    <uses-permission android:name="me.everything.badger.permission.BADGE_COUNT_READ" />
50-->[com.onesignal:OneSignal:3.15.3] AndroidManifest.xml:45:5-88
50-->[com.onesignal:OneSignal:3.15.3] AndroidManifest.xml:45:22-85
51    <uses-permission android:name="me.everything.badger.permission.BADGE_COUNT_WRITE" />
51-->[com.onesignal:OneSignal:3.15.3] AndroidManifest.xml:46:5-89
51-->[com.onesignal:OneSignal:3.15.3] AndroidManifest.xml:46:22-86
52
53    <uses-feature
53-->[com.google.android.gms:play-services-maps:17.0.0] AndroidManifest.xml:26:5-28:35
54        android:glEsVersion="0x00020000"
54-->[com.google.android.gms:play-services-maps:17.0.0] AndroidManifest.xml:27:9-41
55        android:required="true" />
55-->[com.google.android.gms:play-services-maps:17.0.0] AndroidManifest.xml:28:9-32
56
57    <application
57-->src\main\AndroidManifest.xml:10:5-35:19
58        android:name="com.cleanjeff.MainApplication"
58-->src\main\AndroidManifest.xml:11:7-38
59        android:allowBackup="false"
59-->src\main\AndroidManifest.xml:14:7-34
60        android:appComponentFactory="androidx.core.app.CoreComponentFactory"
60-->[androidx.core:core:1.3.1] AndroidManifest.xml:24:18-86
61        android:icon="@mipmap/ic_launcher"
61-->src\main\AndroidManifest.xml:13:7-41
62        android:label="@string/app_name"
62-->src\main\AndroidManifest.xml:12:7-39
63        android:requestLegacyExternalStorage="true"
63-->src\main\AndroidManifest.xml:15:7-50
64        android:theme="@style/AppTheme" >
64-->src\main\AndroidManifest.xml:16:7-38
65        <activity
65-->src\main\AndroidManifest.xml:17:7-28:18
66            android:name="com.cleanjeff.MainActivity"
66-->src\main\AndroidManifest.xml:18:9-37
67            android:configChanges="keyboard|keyboardHidden|orientation|screenSize|uiMode"
67-->src\main\AndroidManifest.xml:20:9-86
68            android:label="@string/app_name"
68-->src\main\AndroidManifest.xml:19:9-41
69            android:launchMode="singleTask"
69-->src\main\AndroidManifest.xml:21:9-40
70            android:screenOrientation="portrait"
70-->src\main\AndroidManifest.xml:22:9-45
71            android:windowSoftInputMode="adjustResize" >
71-->src\main\AndroidManifest.xml:23:9-51
72            <intent-filter>
72-->src\main\AndroidManifest.xml:24:9-27:25
73                <action android:name="android.intent.action.MAIN" />
73-->src\main\AndroidManifest.xml:25:13-65
73-->src\main\AndroidManifest.xml:25:21-62
74
75                <category android:name="android.intent.category.LAUNCHER" />
75-->src\main\AndroidManifest.xml:26:13-73
75-->src\main\AndroidManifest.xml:26:23-70
76            </intent-filter>
77        </activity>
78        <activity android:name="com.facebook.react.devsupport.DevSettingsActivity" />
78-->src\main\AndroidManifest.xml:29:7-84
78-->src\main\AndroidManifest.xml:29:17-81
79
80        <meta-data
80-->src\main\AndroidManifest.xml:31:7-33:66
81            android:name="com.google.android.geo.API_KEY"
81-->src\main\AndroidManifest.xml:32:9-54
82            android:value="AIzaSyCSKKH0G9Vj7qrLkImWxxuEKXoi7CCFYoY" />
82-->src\main\AndroidManifest.xml:33:9-64
83
84        <uses-library
84-->src\main\AndroidManifest.xml:34:7-85
85            android:name="org.apache.http.legacy"
85-->src\main\AndroidManifest.xml:34:21-58
86            android:required="false" />
86-->src\main\AndroidManifest.xml:34:59-83
87
88        <provider
88-->[:react-native-image-picker] AndroidManifest.xml:12:9-20:20
89            android:name="com.imagepicker.ImagePickerProvider"
89-->[:react-native-image-picker] AndroidManifest.xml:13:13-63
90            android:authorities="com.cleanjeff.imagepickerprovider"
90-->[:react-native-image-picker] AndroidManifest.xml:14:13-71
91            android:exported="false"
91-->[:react-native-image-picker] AndroidManifest.xml:15:13-37
92            android:grantUriPermissions="true" >
92-->[:react-native-image-picker] AndroidManifest.xml:16:13-47
93            <meta-data
93-->[:react-native-image-picker] AndroidManifest.xml:17:13-19:70
94                android:name="android.support.FILE_PROVIDER_PATHS"
94-->[:react-native-image-picker] AndroidManifest.xml:18:17-67
95                android:resource="@xml/imagepicker_provider_paths" />
95-->[:react-native-image-picker] AndroidManifest.xml:19:17-67
96        </provider>
97
98        <meta-data
98-->[com.onesignal:OneSignal:3.15.3] AndroidManifest.xml:49:9-51:51
99            android:name="onesignal_app_id"
99-->[com.onesignal:OneSignal:3.15.3] AndroidManifest.xml:50:13-44
100            android:value="" /> <!-- Deprecated - Pulled from OneSignal dashboard. -->
100-->[com.onesignal:OneSignal:3.15.3] AndroidManifest.xml:51:13-48
101        <meta-data
101-->[com.onesignal:OneSignal:3.15.3] AndroidManifest.xml:53:9-55:70
102            android:name="onesignal_google_project_number"
102-->[com.onesignal:OneSignal:3.15.3] AndroidManifest.xml:54:13-59
103            android:value="str:REMOTE" />
103-->[com.onesignal:OneSignal:3.15.3] AndroidManifest.xml:55:13-67
104
105        <receiver
105-->[com.onesignal:OneSignal:3.15.3] AndroidManifest.xml:57:9-67:20
106            android:name="com.onesignal.GcmBroadcastReceiver"
106-->[com.onesignal:OneSignal:3.15.3] AndroidManifest.xml:58:13-62
107            android:permission="com.google.android.c2dm.permission.SEND" >
107-->[com.onesignal:OneSignal:3.15.3] AndroidManifest.xml:59:13-73
108
109            <!-- High priority so OneSignal payloads can be filtered from other GCM receivers if filterOtherGCMReceivers is enabled. -->
110            <intent-filter android:priority="999" >
110-->[com.onesignal:OneSignal:3.15.3] AndroidManifest.xml:62:13-66:29
110-->[com.onesignal:OneSignal:3.15.3] AndroidManifest.xml:62:28-50
111                <action android:name="com.google.android.c2dm.intent.RECEIVE" />
111-->[com.onesignal:OneSignal:3.15.3] AndroidManifest.xml:63:17-81
111-->[com.onesignal:OneSignal:3.15.3] AndroidManifest.xml:63:25-78
112
113                <category android:name="com.cleanjeff" />
113-->[com.onesignal:OneSignal:3.15.3] AndroidManifest.xml:65:17-61
113-->[com.onesignal:OneSignal:3.15.3] AndroidManifest.xml:65:27-58
114            </intent-filter>
115        </receiver>
116        <receiver android:name="com.onesignal.NotificationOpenedReceiver" />
116-->[com.onesignal:OneSignal:3.15.3] AndroidManifest.xml:68:9-77
116-->[com.onesignal:OneSignal:3.15.3] AndroidManifest.xml:68:19-74
117
118        <service
118-->[com.onesignal:OneSignal:3.15.3] AndroidManifest.xml:70:9-76:19
119            android:name="com.onesignal.HmsMessageServiceOneSignal"
119-->[com.onesignal:OneSignal:3.15.3] AndroidManifest.xml:71:13-68
120            android:exported="false" >
120-->[com.onesignal:OneSignal:3.15.3] AndroidManifest.xml:72:13-37
121            <intent-filter>
121-->[com.onesignal:OneSignal:3.15.3] AndroidManifest.xml:73:13-75:29
122                <action android:name="com.huawei.push.action.MESSAGING_EVENT" />
122-->[com.onesignal:OneSignal:3.15.3] AndroidManifest.xml:74:17-81
122-->[com.onesignal:OneSignal:3.15.3] AndroidManifest.xml:74:25-78
123            </intent-filter>
124        </service>
125
126        <activity
126-->[com.onesignal:OneSignal:3.15.3] AndroidManifest.xml:78:9-84:20
127            android:name="com.onesignal.NotificationOpenedActivityHMS"
127-->[com.onesignal:OneSignal:3.15.3] AndroidManifest.xml:79:13-71
128            android:theme="@android:style/Theme.Translucent.NoTitleBar" >
128-->[com.onesignal:OneSignal:3.15.3] AndroidManifest.xml:80:13-72
129            <intent-filter>
129-->[com.onesignal:OneSignal:3.15.3] AndroidManifest.xml:81:13-83:29
130                <action android:name="android.intent.action.VIEW" />
130-->[com.onesignal:OneSignal:3.15.3] AndroidManifest.xml:82:17-69
130-->[com.onesignal:OneSignal:3.15.3] AndroidManifest.xml:82:25-66
131            </intent-filter>
132        </activity>
133
134        <service android:name="com.onesignal.GcmIntentService" />
134-->[com.onesignal:OneSignal:3.15.3] AndroidManifest.xml:86:9-66
134-->[com.onesignal:OneSignal:3.15.3] AndroidManifest.xml:86:18-63
135        <service
135-->[com.onesignal:OneSignal:3.15.3] AndroidManifest.xml:87:9-89:72
136            android:name="com.onesignal.GcmIntentJobService"
136-->[com.onesignal:OneSignal:3.15.3] AndroidManifest.xml:88:13-61
137            android:permission="android.permission.BIND_JOB_SERVICE" />
137-->[com.onesignal:OneSignal:3.15.3] AndroidManifest.xml:89:13-69
138        <service
138-->[com.onesignal:OneSignal:3.15.3] AndroidManifest.xml:90:9-92:72
139            android:name="com.onesignal.RestoreJobService"
139-->[com.onesignal:OneSignal:3.15.3] AndroidManifest.xml:91:13-59
140            android:permission="android.permission.BIND_JOB_SERVICE" />
140-->[com.onesignal:OneSignal:3.15.3] AndroidManifest.xml:92:13-69
141        <service
141-->[com.onesignal:OneSignal:3.15.3] AndroidManifest.xml:93:9-95:72
142            android:name="com.onesignal.RestoreKickoffJobService"
142-->[com.onesignal:OneSignal:3.15.3] AndroidManifest.xml:94:13-66
143            android:permission="android.permission.BIND_JOB_SERVICE" />
143-->[com.onesignal:OneSignal:3.15.3] AndroidManifest.xml:95:13-69
144        <service
144-->[com.onesignal:OneSignal:3.15.3] AndroidManifest.xml:96:9-98:43
145            android:name="com.onesignal.SyncService"
145-->[com.onesignal:OneSignal:3.15.3] AndroidManifest.xml:97:13-53
146            android:stopWithTask="true" />
146-->[com.onesignal:OneSignal:3.15.3] AndroidManifest.xml:98:13-40
147        <service
147-->[com.onesignal:OneSignal:3.15.3] AndroidManifest.xml:99:9-101:72
148            android:name="com.onesignal.SyncJobService"
148-->[com.onesignal:OneSignal:3.15.3] AndroidManifest.xml:100:13-56
149            android:permission="android.permission.BIND_JOB_SERVICE" />
149-->[com.onesignal:OneSignal:3.15.3] AndroidManifest.xml:101:13-69
150
151        <activity
151-->[com.onesignal:OneSignal:3.15.3] AndroidManifest.xml:103:9-105:75
152            android:name="com.onesignal.PermissionsActivity"
152-->[com.onesignal:OneSignal:3.15.3] AndroidManifest.xml:104:13-61
153            android:theme="@android:style/Theme.Translucent.NoTitleBar" />
153-->[com.onesignal:OneSignal:3.15.3] AndroidManifest.xml:105:13-72
154
155        <service android:name="com.onesignal.NotificationRestoreService" />
155-->[com.onesignal:OneSignal:3.15.3] AndroidManifest.xml:107:9-76
155-->[com.onesignal:OneSignal:3.15.3] AndroidManifest.xml:107:18-73
156
157        <receiver android:name="com.onesignal.BootUpReceiver" >
157-->[com.onesignal:OneSignal:3.15.3] AndroidManifest.xml:109:9-114:20
157-->[com.onesignal:OneSignal:3.15.3] AndroidManifest.xml:109:19-62
158            <intent-filter>
158-->[com.onesignal:OneSignal:3.15.3] AndroidManifest.xml:110:13-113:29
159                <action android:name="android.intent.action.BOOT_COMPLETED" />
159-->[com.onesignal:OneSignal:3.15.3] AndroidManifest.xml:111:17-79
159-->[com.onesignal:OneSignal:3.15.3] AndroidManifest.xml:111:25-76
160                <action android:name="android.intent.action.QUICKBOOT_POWERON" />
160-->[com.onesignal:OneSignal:3.15.3] AndroidManifest.xml:112:17-82
160-->[com.onesignal:OneSignal:3.15.3] AndroidManifest.xml:112:25-79
161            </intent-filter>
162        </receiver>
163        <receiver android:name="com.onesignal.UpgradeReceiver" >
163-->[com.onesignal:OneSignal:3.15.3] AndroidManifest.xml:115:9-119:20
163-->[com.onesignal:OneSignal:3.15.3] AndroidManifest.xml:115:19-63
164            <intent-filter>
164-->[com.onesignal:OneSignal:3.15.3] AndroidManifest.xml:116:13-118:29
165                <action android:name="android.intent.action.MY_PACKAGE_REPLACED" />
165-->[com.onesignal:OneSignal:3.15.3] AndroidManifest.xml:117:17-84
165-->[com.onesignal:OneSignal:3.15.3] AndroidManifest.xml:117:25-81
166            </intent-filter>
167        </receiver>
168        <!--
169             FirebaseMessagingService performs security checks at runtime,
170             but set to not exported to explicitly avoid allowing another app to call it.
171        -->
172        <service
172-->[com.google.firebase:firebase-messaging:19.0.0] AndroidManifest.xml:28:9-34:19
173            android:name="com.google.firebase.messaging.FirebaseMessagingService"
173-->[com.google.firebase:firebase-messaging:19.0.0] AndroidManifest.xml:29:13-82
174            android:exported="false" >
174-->[com.google.firebase:firebase-messaging:19.0.0] AndroidManifest.xml:30:13-37
175            <intent-filter android:priority="-500" >
175-->[com.google.firebase:firebase-messaging:19.0.0] AndroidManifest.xml:31:13-33:29
175-->[com.google.firebase:firebase-messaging:19.0.0] AndroidManifest.xml:31:28-51
176                <action android:name="com.google.firebase.MESSAGING_EVENT" />
176-->[com.google.firebase:firebase-messaging:19.0.0] AndroidManifest.xml:32:17-78
176-->[com.google.firebase:firebase-messaging:19.0.0] AndroidManifest.xml:32:25-75
177            </intent-filter>
178        </service>
179        <service
179-->[com.google.firebase:firebase-iid:19.0.0] AndroidManifest.xml:29:9-35:19
180            android:name="com.google.firebase.components.ComponentDiscoveryService"
180-->[com.google.firebase:firebase-iid:19.0.0] AndroidManifest.xml:30:13-84
181            android:exported="false" >
181-->[com.google.firebase:firebase-iid:19.0.0] AndroidManifest.xml:31:13-37
182            <meta-data
182-->[com.google.firebase:firebase-iid:19.0.0] AndroidManifest.xml:32:13-34:85
183                android:name="com.google.firebase.components:com.google.firebase.iid.Registrar"
183-->[com.google.firebase:firebase-iid:19.0.0] AndroidManifest.xml:33:17-96
184                android:value="com.google.firebase.components.ComponentRegistrar" />
184-->[com.google.firebase:firebase-iid:19.0.0] AndroidManifest.xml:34:17-82
185        </service>
186
187        <receiver
187-->[com.google.firebase:firebase-iid:19.0.0] AndroidManifest.xml:37:9-44:20
188            android:name="com.google.firebase.iid.FirebaseInstanceIdReceiver"
188-->[com.google.firebase:firebase-iid:19.0.0] AndroidManifest.xml:38:13-78
189            android:exported="true"
189-->[com.google.firebase:firebase-iid:19.0.0] AndroidManifest.xml:39:13-36
190            android:permission="com.google.android.c2dm.permission.SEND" >
190-->[com.google.firebase:firebase-iid:19.0.0] AndroidManifest.xml:40:13-73
191            <intent-filter>
191-->[com.google.firebase:firebase-iid:19.0.0] AndroidManifest.xml:41:13-43:29
192                <action android:name="com.google.android.c2dm.intent.RECEIVE" />
192-->[com.onesignal:OneSignal:3.15.3] AndroidManifest.xml:63:17-81
192-->[com.onesignal:OneSignal:3.15.3] AndroidManifest.xml:63:25-78
193            </intent-filter>
194        </receiver>
195
196        <activity
196-->[com.google.android.gms:play-services-base:17.2.1] AndroidManifest.xml:23:9-26:75
197            android:name="com.google.android.gms.common.api.GoogleApiActivity"
197-->[com.google.android.gms:play-services-base:17.2.1] AndroidManifest.xml:24:13-79
198            android:exported="false"
198-->[com.google.android.gms:play-services-base:17.2.1] AndroidManifest.xml:25:13-37
199            android:theme="@android:style/Theme.Translucent.NoTitleBar" />
199-->[com.google.android.gms:play-services-base:17.2.1] AndroidManifest.xml:26:13-72
200
201        <provider
201-->[com.google.firebase:firebase-common:18.0.0] AndroidManifest.xml:12:9-16:39
202            android:name="com.google.firebase.provider.FirebaseInitProvider"
202-->[com.google.firebase:firebase-common:18.0.0] AndroidManifest.xml:13:13-77
203            android:authorities="com.cleanjeff.firebaseinitprovider"
203-->[com.google.firebase:firebase-common:18.0.0] AndroidManifest.xml:14:13-72
204            android:exported="false"
204-->[com.google.firebase:firebase-common:18.0.0] AndroidManifest.xml:15:13-37
205            android:initOrder="100" />
205-->[com.google.firebase:firebase-common:18.0.0] AndroidManifest.xml:16:13-36
206
207        <meta-data
207-->[com.google.android.gms:play-services-basement:17.2.1] AndroidManifest.xml:23:9-25:69
208            android:name="com.google.android.gms.version"
208-->[com.google.android.gms:play-services-basement:17.2.1] AndroidManifest.xml:24:13-58
209            android:value="@integer/google_play_services_version" />
209-->[com.google.android.gms:play-services-basement:17.2.1] AndroidManifest.xml:25:13-66
210    </application>
211
212</manifest>